<?xml version="1.0" encoding="UTF-8"?>
<testng-results skipped="0" failed="2" ignored="0" total="7" passed="5">
  <reporter-output>
  </reporter-output>
  <suite name="Suite" duration-ms="6450" started-at="2019-10-03T12:20:02Z" finished-at="2019-10-03T12:20:09Z">
    <groups>
    </groups>
    <test name="Test" duration-ms="6450" started-at="2019-10-03T12:20:02Z" finished-at="2019-10-03T12:20:09Z">
      <class name="Test_Cases.TC006_GET_ValidatingAllJSONresponse">
        <test-method status="FAIL" signature="googleMapTest()[pri:6, instance:Test_Cases.TC006_GET_ValidatingAllJSONresponse@91161c7]" name="googleMapTest" duration-ms="693" started-at="2019-10-03T12:20:08Z" finished-at="2019-10-03T12:20:08Z">
          <exception class="junit.framework.AssertionFailedError">
            <message>
              <![CDATA[expected:<32.16 Degree celsius> but was:<30.16 Degree celsius>]]>
            </message>
            <full-stacktrace>
              <![CDATA[junit.framework.AssertionFailedError: expected:<32.16 Degree celsius> but was:<30.16 Degree celsius>
at junit.framework.Assert.fail(Assert.java:50)
at junit.framework.Assert.failNotEquals(Assert.java:287)
at junit.framework.Assert.assertEquals(Assert.java:67)
at junit.framework.Assert.assertEquals(Assert.java:74)
at Test_Cases.TC006_GET_ValidatingAllJSONresponse.googleMapTest(TC006_GET_ValidatingAllJSONresponse.java:34)
at sun.reflect.NativeMethodAccessorImpl.invoke0(Native Method)
at sun.reflect.NativeMethodAccessorImpl.invoke(Unknown Source)
at sun.reflect.DelegatingMethodAccessorImpl.invoke(Unknown Source)
at java.lang.reflect.Method.invoke(Unknown Source)
at org.testng.internal.MethodInvocationHelper.invokeMethod(MethodInvocationHelper.java:124)
at org.testng.internal.Invoker.invokeMethod(Invoker.java:583)
at org.testng.internal.Invoker.invokeTestMethod(Invoker.java:719)
at org.testng.internal.Invoker.invokeTestMethods(Invoker.java:989)
at org.testng.internal.TestMethodWorker.invokeTestMethods(TestMethodWorker.java:125)
at org.testng.internal.TestMethodWorker.run(TestMethodWorker.java:109)
at org.testng.TestRunner.privateRun(TestRunner.java:648)
at org.testng.TestRunner.run(TestRunner.java:505)
at org.testng.SuiteRunner.runTest(SuiteRunner.java:455)
at org.testng.SuiteRunner.runSequentially(SuiteRunner.java:450)
at org.testng.SuiteRunner.privateRun(SuiteRunner.java:415)
at org.testng.SuiteRunner.run(SuiteRunner.java:364)
at org.testng.SuiteRunnerWorker.runSuite(SuiteRunnerWorker.java:52)
at org.testng.SuiteRunnerWorker.run(SuiteRunnerWorker.java:84)
at org.testng.TestNG.runSuitesSequentially(TestNG.java:1208)
at org.testng.TestNG.runSuitesLocally(TestNG.java:1137)
at org.testng.TestNG.runSuites(TestNG.java:1049)
at org.testng.TestNG.run(TestNG.java:1017)
at org.testng.remote.AbstractRemoteTestNG.run(AbstractRemoteTestNG.java:115)
at org.testng.remote.RemoteTestNG.initAndRun(RemoteTestNG.java:251)
at org.testng.remote.RemoteTestNG.main(RemoteTestNG.java:77)
]]>
            </full-stacktrace>
          </exception> <!-- junit.framework.AssertionFailedError -->
          <reporter-output>
          </reporter-output>
        </test-method> <!-- googleMapTest -->
      </class> <!-- Test_Cases.TC006_GET_ValidatingAllJSONresponse -->
      <class name="Test_Cases.TC004_GET_Request_PrintAllHeaders">
        <test-method status="PASS" signature="googleMapTest()[pri:4, instance:Test_Cases.TC004_GET_Request_PrintAllHeaders@5e3a8624]" name="googleMapTest" duration-ms="379" started-at="2019-10-03T12:20:07Z" finished-at="2019-10-03T12:20:07Z">
          <reporter-output>
          </reporter-output>
        </test-method> <!-- googleMapTest -->
      </class> <!-- Test_Cases.TC004_GET_Request_PrintAllHeaders -->
      <class name="Test_Cases.TC002_POST_Request">
        <test-method status="FAIL" signature="RegistrationSuccessful()[pri:2, instance:Test_Cases.TC002_POST_Request@3bfdc050]" name="RegistrationSuccessful" duration-ms="554" started-at="2019-10-03T12:20:06Z" finished-at="2019-10-03T12:20:06Z">
          <exception class="java.lang.AssertionError">
            <message>
              <![CDATA[expected [201] but found [200]]]>
            </message>
            <full-stacktrace>
              <![CDATA[java.lang.AssertionError: expected [201] but found [200]
at org.testng.Assert.fail(Assert.java:96)
at org.testng.Assert.failNotEquals(Assert.java:776)
at org.testng.Assert.assertEqualsImpl(Assert.java:137)
at org.testng.Assert.assertEquals(Assert.java:118)
at org.testng.Assert.assertEquals(Assert.java:652)
at org.testng.Assert.assertEquals(Assert.java:662)
at Test_Cases.TC002_POST_Request.RegistrationSuccessful(TC002_POST_Request.java:47)
at sun.reflect.NativeMethodAccessorImpl.invoke0(Native Method)
at sun.reflect.NativeMethodAccessorImpl.invoke(Unknown Source)
at sun.reflect.DelegatingMethodAccessorImpl.invoke(Unknown Source)
at java.lang.reflect.Method.invoke(Unknown Source)
at org.testng.internal.MethodInvocationHelper.invokeMethod(MethodInvocationHelper.java:124)
at org.testng.internal.Invoker.invokeMethod(Invoker.java:583)
at org.testng.internal.Invoker.invokeTestMethod(Invoker.java:719)
at org.testng.internal.Invoker.invokeTestMethods(Invoker.java:989)
at org.testng.internal.TestMethodWorker.invokeTestMethods(TestMethodWorker.java:125)
at org.testng.internal.TestMethodWorker.run(TestMethodWorker.java:109)
at org.testng.TestRunner.privateRun(TestRunner.java:648)
at org.testng.TestRunner.run(TestRunner.java:505)
at org.testng.SuiteRunner.runTest(SuiteRunner.java:455)
at org.testng.SuiteRunner.runSequentially(SuiteRunner.java:450)
at org.testng.SuiteRunner.privateRun(SuiteRunner.java:415)
at org.testng.SuiteRunner.run(SuiteRunner.java:364)
at org.testng.SuiteRunnerWorker.runSuite(SuiteRunnerWorker.java:52)
at org.testng.SuiteRunnerWorker.run(SuiteRunnerWorker.java:84)
at org.testng.TestNG.runSuitesSequentially(TestNG.java:1208)
at org.testng.TestNG.runSuitesLocally(TestNG.java:1137)
at org.testng.TestNG.runSuites(TestNG.java:1049)
at org.testng.TestNG.run(TestNG.java:1017)
at org.testng.remote.AbstractRemoteTestNG.run(AbstractRemoteTestNG.java:115)
at org.testng.remote.RemoteTestNG.initAndRun(RemoteTestNG.java:251)
at org.testng.remote.RemoteTestNG.main(RemoteTestNG.java:77)
]]>
            </full-stacktrace>
          </exception> <!-- java.lang.AssertionError -->
          <reporter-output>
          </reporter-output>
        </test-method> <!-- RegistrationSuccessful -->
      </class> <!-- Test_Cases.TC002_POST_Request -->
      <class name="Test_Cases.TC001_GET_Request">
        <test-method status="PASS" signature="getweatherDetails()[pri:1, instance:Test_Cases.TC001_GET_Request@42d80b78]" name="getweatherDetails" duration-ms="3363" started-at="2019-10-03T12:20:02Z" finished-at="2019-10-03T12:20:06Z">
          <reporter-output>
          </reporter-output>
        </test-method> <!-- getweatherDetails -->
      </class> <!-- Test_Cases.TC001_GET_Request -->
      <class name="Test_Cases.TC007_GET_Authentication_API">
        <test-method status="PASS" signature="RegistrationSuccessful()[pri:7, instance:Test_Cases.TC007_GET_Authentication_API@604ed9f0]" name="RegistrationSuccessful" duration-ms="317" started-at="2019-10-03T12:20:08Z" finished-at="2019-10-03T12:20:09Z">
          <reporter-output>
          </reporter-output>
        </test-method> <!-- RegistrationSuccessful -->
      </class> <!-- Test_Cases.TC007_GET_Authentication_API -->
      <class name="Test_Cases.TC003_GET_Request">
        <test-method status="PASS" signature="googleMapTest()[pri:3, instance:Test_Cases.TC003_GET_Request@1bce4f0a]" name="googleMapTest" duration-ms="643" started-at="2019-10-03T12:20:06Z" finished-at="2019-10-03T12:20:07Z">
          <reporter-output>
          </reporter-output>
        </test-method> <!-- googleMapTest -->
      </class> <!-- Test_Cases.TC003_GET_Request -->
      <class name="Test_Cases.TC005_GET_Validating_JSON_Response">
        <test-method status="PASS" signature="googleMapTest()[pri:5, instance:Test_Cases.TC005_GET_Validating_JSON_Response@5c3bd550]" name="googleMapTest" duration-ms="427" started-at="2019-10-03T12:20:07Z" finished-at="2019-10-03T12:20:08Z">
          <reporter-output>
          </reporter-output>
        </test-method> <!-- googleMapTest -->
      </class> <!-- Test_Cases.TC005_GET_Validating_JSON_Response -->
    </test> <!-- Test -->
  </suite> <!-- Suite -->
</testng-results>
