<?xml version="1.0" encoding="UTF-8"?>
<!-- Generated by org.testng.reporters.JUnitXMLReporter -->
<testsuite hostname="DESKTOP-U94MBI6" ignored="0" name="Test" tests="7" failures="2" timestamp="03 Oct 2019 12:20:09 GMT" time="6.45" errors="0">
  <testcase name="getweatherDetails" time="3.363" classname="Test_Cases.TC001_GET_Request"/>
  <testcase name="RegistrationSuccessful" time="0.554" classname="Test_Cases.TC002_POST_Request">
    <failure type="java.lang.AssertionError" message="expected [201] but found [200]">
      <![CDATA[java.lang.AssertionError: expected [201] but found [200]
at Test_Cases.TC002_POST_Request.RegistrationSuccessful(TC002_POST_Request.java:47)
... Removed 31 stack frames]]>
    </failure>
  </testcase> <!-- RegistrationSuccessful -->
  <testcase name="googleMapTest" time="0.643" classname="Test_Cases.TC003_GET_Request"/>
  <testcase name="googleMapTest" time="0.379" classname="Test_Cases.TC004_GET_Request_PrintAllHeaders"/>
  <testcase name="googleMapTest" time="0.427" classname="Test_Cases.TC005_GET_Validating_JSON_Response"/>
  <testcase name="googleMapTest" time="0.693" classname="Test_Cases.TC006_GET_ValidatingAllJSONresponse">
    <failure type="junit.framework.AssertionFailedError" message="expected:&amp;lt;32.16 Degree celsius&amp;gt; but was:&amp;lt;30.16 Degree celsius&amp;gt;">
      <![CDATA[junit.framework.AssertionFailedError: expected:<32.16 Degree celsius> but was:<30.16 Degree celsius>
at junit.framework.Assert.fail(Assert.java:50)
at junit.framework.Assert.failNotEquals(Assert.java:287)
at junit.framework.Assert.assertEquals(Assert.java:67)
at junit.framework.Assert.assertEquals(Assert.java:74)
at Test_Cases.TC006_GET_ValidatingAllJSONresponse.googleMapTest(TC006_GET_ValidatingAllJSONresponse.java:34)
... Removed 25 stack frames]]>
    </failure>
  </testcase> <!-- googleMapTest -->
  <testcase name="RegistrationSuccessful" time="0.317" classname="Test_Cases.TC007_GET_Authentication_API"/>
</testsuite> <!-- Test -->
